=== Running Naive Convolution ===
Layer  0: 1.50 ms (1789.73 GFLOPS)
Layer  1: 14.51 ms (1968.03 GFLOPS)
Layer  2: 28.86 ms (1978.38 GFLOPS)
Layer  3: 57.65 ms (1980.74 GFLOPS)
Layer  4: 116.47 ms (1960.79 GFLOPS)
Layer  5: 44.01 ms (1976.14 GFLOPS)
Layer  6: 88.06 ms (1975.37 GFLOPS)
Layer  7: 175.99 ms (1976.73 GFLOPS)
Layer  8: 352.31 ms (1974.92 GFLOPS)
Layer  9: 131.57 ms (1799.45 GFLOPS)
Layer 10: 1.19 ms (1779.13 GFLOPS)
Layer 11: 23.02 ms (1968.56 GFLOPS)
Layer 12: 11.10 ms (1958.28 GFLOPS)
Layer 13: 22.07 ms (1970.31 GFLOPS)
Layer 14: 6.61 ms (1851.29 GFLOPS)
Layer 15: 2.45 ms (1730.64 GFLOPS)
Layer 16: 6.49 ms (1743.62 GFLOPS)
Layer 17: 6.79 ms (1601.01 GFLOPS)
Baseline Total: 1090.66 ms (1947.06 GFLOPS)

=== Running Winograd Convolution ===
Layer  0: 0.80 ms (3326.60 GFLOPS)
Layer  1: 6.71 ms (4255.81 GFLOPS)
Layer  2: 13.33 ms (4283.60 GFLOPS)
Layer  3: 26.60 ms (4292.40 GFLOPS)
Layer  4: 53.24 ms (4289.78 GFLOPS)
Layer  5: 22.70 ms (3830.60 GFLOPS)
Layer  6: 45.98 ms (3782.80 GFLOPS)
Layer  7: 91.66 ms (3795.38 GFLOPS)
Layer  8: 194.96 ms (3568.80 GFLOPS)
Layer  9: 119.10 ms (1987.83 GFLOPS)
Layer 10: 0.66 ms (3219.55 GFLOPS)
Layer 11: 10.88 ms (4163.37 GFLOPS)
Layer 12: 5.83 ms (3730.88 GFLOPS)
Layer 13: 11.57 ms (3757.73 GFLOPS)
Layer 14: 3.76 ms (3252.41 GFLOPS)
Layer 15: 2.66 ms (1596.51 GFLOPS)
Layer 16: 7.36 ms (1539.42 GFLOPS)
Layer 17: 17.35 ms (626.72 GFLOPS)
Custom Total: 635.17 ms (3343.35 GFLOPS)

=== Correctness Check ===
Layer  0: [32mCORRECT[0m (Speedup: 1.86x)
Layer  1: [32mCORRECT[0m (Speedup: 2.16x)
Layer  2: [32mCORRECT[0m (Speedup: 2.17x)
Layer  3: [32mCORRECT[0m (Speedup: 2.17x)
Layer  4: [32mCORRECT[0m (Speedup: 2.19x)
Layer  5: [32mCORRECT[0m (Speedup: 1.94x)
Layer  6: [32mCORRECT[0m (Speedup: 1.91x)
Layer  7: [32mCORRECT[0m (Speedup: 1.92x)
Layer  8: [32mCORRECT[0m (Speedup: 1.81x)
Layer  9: [32mCORRECT[0m (Speedup: 1.10x)
Layer 10: [32mCORRECT[0m (Speedup: 1.81x)
Layer 11: [32mCORRECT[0m (Speedup: 2.11x)
Layer 12: [32mCORRECT[0m (Speedup: 1.91x)
Layer 13: [32mCORRECT[0m (Speedup: 1.91x)
Layer 14: [32mCORRECT[0m (Speedup: 1.76x)
Layer 15: [32mCORRECT[0m (Speedup: 0.92x)
Layer 16: [32mCORRECT[0m (Speedup: 0.88x)
Layer 17: [32mCORRECT[0m (Speedup: 0.39x)

=== Final Results ===
[32mResults are correct![0m
Naive:    1090.66 ms (1947.06 GFLOPS)
Winograd: 635.17 ms (3343.35 GFLOPS)
Overall speedup: 1.72x
